<?xml version="1.0" encoding="UTF-8"?>
<!-- Generated by org.testng.reporters.JUnitXMLReporter -->
<testsuite ignored="0" hostname="Lalasa" failures="0" tests="4" name="annotationdemo" time="0.176" errors="0" timestamp="2024-09-03T21:10:25 IST">
  <testcase classname="TestNG_Annotations.TC1" name="test1" time="0.041"/>
  <testcase classname="TestNG_Annotations.TC1" name="test2" time="0.002"/>
  <testcase classname="TestNG_Annotations.TC2" name="test3" time="0.002"/>
  <testcase classname="TestNG_Annotations.TC2" name="test4" time="0.002"/>
</testsuite> <!-- annotationdemo -->
